2016-10-04 23:32:54,772   GET     301      15 ms  /
2016-10-04 23:32:54,781   GET     301       1 ms  /
2016-10-04 23:32:54,881   GET     200      93 ms  /3/Cloud
2016-10-04 23:32:54,909   GET     200      10 ms  /3/InitID
2016-10-04 23:32:55,392   GET     200       2 ms  /3/Cloud
2016-10-04 23:32:55,595   GET     200     176 ms  /3/Frames/frame_rdd_41
2016-10-04 23:32:58,834   GET     301       1 ms  /
2016-10-04 23:32:58,843   GET     301       0 ms  /
2016-10-04 23:32:58,853   GET     200       1 ms  /3/Cloud
2016-10-04 23:32:58,865   GET     200       1 ms  /3/InitID
2016-10-04 23:32:59,023   GET     200       1 ms  /3/Cloud
2016-10-04 23:32:59,051   GET     200      17 ms  /3/Frames/frame_rdd_51
2016-10-04 23:33:03,476   GET     200       2 ms  /3/Cloud
2016-10-04 23:33:03,570   GET     200      85 ms  /3/ModelBuilders/glm
2016-10-04 23:33:03,644   GET     200       2 ms  /3/Cloud
2016-10-04 23:33:03,790   POST    200     139 ms  /3/ModelBuilders/glm
2016-10-04 23:33:03,905   GET     200       5 ms  /3/Jobs/$03017f00000132d4ffffffff$_98adce02fd1df3355a8e63f5482a48b2
2016-10-04 23:33:04,925   GET     200       1 ms  /3/Jobs/$03017f00000132d4ffffffff$_98adce02fd1df3355a8e63f5482a48b2
2016-10-04 23:33:04,940   GET     200       2 ms  /3/Cloud
2016-10-04 23:33:05,026   GET     200      74 ms  /3/Models/GLM_model_R_1475620367059_1
